<?xml version="1.0" encoding="UTF-8"?>
<beans xmlns="http://www.springframework.org/schema/beans"
       xmlns:p="http://www.springframework.org/schema/p"
       xmlns:c="http://www.springframework.org/schema/c"
       xmlns:util="http://www.springframework.org/schema/util"
       xmlns:xsi="http://www.w3.org/2001/XMLSchema-instance"
       xsi:schemaLocation="http://www.springframework.org/schema/beans http://www.springframework.org/schema/beans/spring-beans.xsd
                           http://www.springframework.org/schema/util http://www.springframework.org/schema/util/spring-util.xsd"

       default-init-method="initialize" default-destroy-method="destroy">

    <util:list id="shibboleth.RelyingPartyResolverResources">
        <value>classpath:/test/test-relying-party-cas.xml</value>
        <value>classpath:/system/conf/relying-party-system.xml</value>
        <value>classpath:/conf/credentials.xml</value>
    </util:list>

    <bean id="cas.serviceRegistry"
          class="net.shibboleth.idp.cas.service.PatternServiceRegistry">
        <property name="definitions">
            <list>
                <bean class="net.shibboleth.idp.cas.service.ServiceDefinition"
                      c:regex="https://([A-Za-z0-9_-]+\.)*example\.org(:\d+)?/.*"
                      p:group="proxying-services"
                      p:authorizedToProxy="true" />
            </list>
        </property>
    </bean>

    <bean id="cas.proxyAuthenticator"
          class="net.shibboleth.idp.test.flows.cas.TestProxyAuthenticator" />

</beans>