<?xml version="1.0" encoding="UTF-8"?>
<beans xmlns="http://www.springframework.org/schema/beans"
       xmlns:p="http://www.springframework.org/schema/p"
       xmlns:c="http://www.springframework.org/schema/c"
       xmlns:util="http://www.springframework.org/schema/util"
       xmlns:xsi="http://www.w3.org/2001/XMLSchema-instance"
       xsi:schemaLocation="http://www.springframework.org/schema/beans http://www.springframework.org/schema/beans/spring-beans.xsd
                           http://www.springframework.org/schema/util http://www.springframework.org/schema/util/spring-util.xsd"

       default-init-method="initialize" default-destroy-method="destroy">

    <bean id="shibboleth.UnverifiedRelyingParty" parent="RelyingParty">
        <property name="profileConfigurations">
            <util:list />
        </property>
    </bean>

    <bean id="shibboleth.DefaultRelyingParty" parent="RelyingParty">
        <property name="profileConfigurations">
            <util:list>
                <ref bean="CAS.LoginConfiguration" />
                <ref bean="CAS.ProxyConfiguration" />
                <ref bean="CAS.ValidateConfiguration" />
            </util:list>
        </property>
    </bean>

    <util:list id="shibboleth.RelyingPartyOverrides" />

</beans>