<?xml version="1.0" encoding="UTF-8"?>
<beans xmlns="http://www.springframework.org/schema/beans"
       xmlns:xsi="http://www.w3.org/2001/XMLSchema-instance"
       xmlns:c="http://www.springframework.org/schema/c"
       xmlns:p="http://www.springframework.org/schema/p"
       xsi:schemaLocation="
           http://www.springframework.org/schema/beans
           http://www.springframework.org/schema/beans/spring-beans.xsd">

    <bean id="cas.serviceRegistry"
          class="net.shibboleth.idp.cas.service.PatternServiceRegistry">
        <property name="definitions">
            <list>
                <bean class="net.shibboleth.idp.cas.service.ServiceDefinition"
                      c:regex="https://([A-Za-z0-9_-]+\.)*example\.org(:\d+)?/.*"
                      p:group="allowedToProxy"
                      p:authorizedToProxy="true" />
                <bean class="net.shibboleth.idp.cas.service.ServiceDefinition"
                      c:regex="http://([A-Za-z0-9_-]+\.)*example\.org(:\d+)?/.*"
                      p:group="notAllowedToProxy"
                      p:authorizedToProxy="false" />
            </list>
        </property>
    </bean>
</beans>