<beans xmlns="http://www.springframework.org/schema/beans"
       xmlns:webflow="http://www.springframework.org/schema/webflow-config"
       xmlns:context="http://www.springframework.org/schema/context"
       xmlns:xsi="http://www.w3.org/2001/XMLSchema-instance"
       xsi:schemaLocation="http://www.springframework.org/schema/beans http://www.springframework.org/schema/beans/spring-beans.xsd
                           http://www.springframework.org/schema/context http://www.springframework.org/schema/context/spring-context.xsd
                           http://www.springframework.org/schema/webflow-config http://www.springframework.org/schema/webflow-config/spring-webflow-config-2.3.xsd">

    <webflow:flow-registry id="testFlowRegistry" parent="flowRegistry" base-path="classpath:/post-authn/flows" flow-builder-services="flowBuilderServices">
        <webflow:flow-location id="test-post-authn-profile-flow" path="/test-post-authn-profile-flow.xml" />
        <webflow:flow-location id="post-authn/test-proceed-1-flow" path="/test-proceed-1-flow.xml" />
        <webflow:flow-location id="post-authn/test-proceed-2-flow" path="/test-proceed-2-flow.xml" />
        <webflow:flow-location id="post-authn/test-error-flow" path="/test-error-flow.xml" />
    </webflow:flow-registry>

    <webflow:flow-executor id="flowExecutor" flow-registry="testFlowRegistry" />
</beans>