<?xml version="1.0" encoding="UTF-8"?>
<beans xmlns="http://www.springframework.org/schema/beans" xmlns:xsi="http://www.w3.org/2001/XMLSchema-instance"
    xsi:schemaLocation="http://www.springframework.org/schema/beans 
           http://www.springframework.org/schema/beans/spring-beans-3.0.xsd">

    <bean id="transactionManager" class="org.springframework.jdbc.datasource.DataSourceTransactionManager">
        <property name="dataSource" ref="dataSource" />
    </bean>

    <!-- Datasource definition -->
    <bean id="dataSource" class="org.apache.commons.dbcp.BasicDataSource" destroy-method="close">
        <property name="driverClassName" value="org.hsqldb.jdbcDriver" />
        <!-- 
        <property name="url" value="jdbc:hsqldb:hsql://localhost/user-consent-test" />
        -->
        <property name="url" value="jdbc:hsqldb:mem:user-consent-test" />    
        <property name="username" value="SA" />
        <property name="password" value="" />
    </bean>
    
    <bean id="storage" class="edu.internet2.middleware.shibboleth.idp.consent.persistence.JDBCStorage">
       <property name="dataSource" ref="dataSource" /> 
    </bean>
    
    <bean id="userConsentContextBuilder" class="edu.internet2.middleware.shibboleth.idp.consent.logic.UserConsentContextBuilder">
       <property name="storage" ref="storage" />
       <property name="uniqueIdAttribute" value="uniqueID" /> 
    </bean>

</beans>